<?xml version="1.0" encoding="UTF-8"?>
<!-- Generated by org.testng.reporters.JUnitReportReporter -->
<testsuite hostname="DESKTOP-DALC184" failures="0" tests="1" name="TestRunners.TestRunner" time="32.587" errors="0" timestamp="2025-04-21T13:01:47 IST" skipped="0">
  <testcase classname="TestRunners.TestRunner" name="runScenario" time="32.587"/>
</testsuite> <!-- TestRunners.TestRunner -->
